make all --print-data-base --no-builtin-variables --no-builtin-rules --question
# GNU Make 4.2.1
# Built for x86_64-pc-linux-gnu
# Copyright (C) 1988-2016 Free Software Foundation, Inc.
# License GPLv3+: GNU GPL version 3 or later <http://gnu.org/licenses/gpl.html>
# This is free software: you are free to change and redistribute it.
# There is NO WARRANTY, to the extent permitted by law.

# Make data base, printed on Fri Jul 22 20:00:37 2022

# Variables

# 'override' directive
GNUMAKEFLAGS := 
# automatic
<D = $(patsubst %/,%,$(dir $<))
# automatic
?F = $(notdir $?)
# environment
DESKTOP_SESSION = ubuntu
# default
.SHELLFLAGS := -c
# environment
XDG_SESSION_CLASS = user
# environment
XDG_SESSION_TYPE = x11
# environment
NVM_INC = /home/aswin/.nvm/versions/node/v16.10.0/include/node
# automatic
?D = $(patsubst %/,%,$(dir $?))
# environment
IM_CONFIG_PHASE = 1
# automatic
@D = $(patsubst %/,%,$(dir $@))
# environment
XAUTHORITY = /run/user/1000/gdm/Xauthority
# environment
GDMSESSION = ubuntu
# environment
XMODIFIERS = @im=ibus
# makefile
CURDIR := /home/aswin/Documents/notebooks
# makefile
SHELL = /bin/sh
# environment
VSCODE_NLS_CONFIG = {"locale":"en-us","availableLanguages":{},"_languagePackSupport":true}
# environment
_ = /usr/share/code/code
# environment
JOURNAL_STREAM = 8:73768
# environment
XDG_CONFIG_DIRS = /etc/xdg/xdg-ubuntu:/etc/xdg
# makefile (from 'Makefile', line 1)
MAKEFILE_LIST :=  Makefile
# automatic
@F = $(notdir $@)
# environment
GIO_LAUNCHED_DESKTOP_FILE = /usr/share/applications/code.desktop
# environment
USERNAME = aswin
# environment
MAKELEVEL := 0
# environment
MANDATORY_PATH = /usr/share/gconf/ubuntu.mandatory.path
# environment
XDG_DATA_DIRS = /usr/share/ubuntu:/usr/local/share/:/usr/share/:/var/lib/snapd/desktop
# environment
DBUS_SESSION_BUS_ADDRESS = unix:path=/run/user/1000/bus
# environment
MANAGERPID = 4001
# environment
LESSOPEN = | /usr/bin/lesspipe %s
# environment
LC_NAME = de_DE.UTF-8
# environment
VSCODE_CWD = /home/aswin
# default
MAKE_HOST := x86_64-pc-linux-gnu
# environment
PATH = /home/aswin/.local/share/solana/install/active_release/bin:/home/aswin/.local/bin:/home/aswin/bin:/home/aswin/.nvm/versions/node/v16.10.0/bin:/home/aswin/anaconda3/bin:/home/aswin/anaconda3/condabin:/home/aswin/.local/share/solana/install/active_release/bin:/home/aswin/.cargo/bin:/home/aswin/.local/bin:/home/aswin/bin:/usr/local/sbin:/usr/local/bin:/usr/sbin:/usr/bin:/sbin:/bin:/usr/games:/usr/local/games:/snap/bin
# environment
GPG_AGENT_INFO = /run/user/1000/gnupg/S.gpg-agent:0:1
# environment
GJS_DEBUG_OUTPUT = stderr
# environment
SESSION_MANAGER = local/aswin-dell:@/tmp/.ICE-unix/4860,unix/aswin-dell:/tmp/.ICE-unix/4860
# environment
XDG_RUNTIME_DIR = /run/user/1000
# environment
NVM_BIN = /home/aswin/.nvm/versions/node/v16.10.0/bin
# environment
CONDA_PREFIX = /home/aswin/anaconda3
# environment
XDG_MENU_PREFIX = gnome-
# environment
ELECTRON_RUN_AS_NODE = 1
# environment
INVOCATION_ID = 7b01a629457643c7a0878ae2248b2904
# default
.FEATURES := target-specific order-only second-expansion else-if shortest-stem undefine oneshell archives jobserver output-sync check-symlink load
# environment
LS_COLORS = 
# environment
XDG_SESSION_DESKTOP = ubuntu
# environment
SSH_AUTH_SOCK = /tmp/ssh-9A6dEmBnv9W5/agent.4624
# environment
GIO_LAUNCHED_DESKTOP_FILE_PID = 8846
# automatic
%F = $(notdir $%)
# environment
DISPLAY = :1
# environment
CONDA_EXE = /home/aswin/anaconda3/bin/conda
# environment
PWD = /home/aswin/Documents/notebooks
# default
.LOADED := 
# environment
SSH_AGENT_PID = 4740
# environment
ORIGINAL_XDG_CURRENT_DESKTOP = ubuntu:GNOME
# environment
GTK_MODULES = gail:atk-bridge
# environment
VSCODE_AMD_ENTRYPOINT = vs/workbench/api/node/extensionHostProcess
# environment
HOME = /home/aswin
# environment
LESSCLOSE = /usr/bin/lesspipe %s %s
# environment
VSCODE_CODE_CACHE_PATH = /home/aswin/.config/Code/CachedData/b06ae3b2d2dbfe28bca3134cc6be65935cdfea6a
# environment
LOGNAME = aswin
# environment
APPLICATION_INSIGHTS_NO_DIAGNOSTIC_CHANNEL = 1
# environment
CONDA_PROMPT_MODIFIER = (base) 
# environment
NVM_CD_FLAGS = 
# automatic
+F = $(notdir $+)
# environment
VSCODE_HANDLES_UNCAUGHT_ERRORS = true
# environment
GNOME_DESKTOP_SESSION_ID = this-is-deprecated
# automatic
^D = $(patsubst %/,%,$(dir $^))
# environment
LC_TIME = de_DE.UTF-8
# environment
CONDA_DEFAULT_ENV = base
# default
MAKE = $(MAKE_COMMAND)
# default
MAKECMDGOALS := all
# environment
QT_IM_MODULE = ibus
# environment
SHLVL = 0
# environment
GNOME_SHELL_SESSION_MODE = ubuntu
# default
MAKE_VERSION := 4.2.1
# environment
USER = aswin
# environment
LC_MONETARY = de_DE.UTF-8
# makefile
.DEFAULT_GOAL := doc-notebooks
# environment
XDG_CURRENT_DESKTOP = Unity
# environment
LIBVIRT_DEFAULT_URI = qemu:///system
# automatic
%D = $(patsubst %/,%,$(dir $%))
# environment
LC_TELEPHONE = de_DE.UTF-8
# environment
CONDA_SHLVL = 1
# default
MAKE_COMMAND := make
# default
.VARIABLES := 
# automatic
*F = $(notdir $*)
# environment
VSCODE_IPC_HOOK = /run/user/1000/vscode-730bddb2-1.69.1-main.sock
# environment
JINA_DEFAULT_WORKSPACE_BASE = /home/aswin/.jina/executor-workspace
# makefile
MAKEFLAGS = pqrR
# environment
MFLAGS = -pqrR
# automatic
*D = $(patsubst %/,%,$(dir $*))
# environment
NVM_DIR = /home/aswin/.nvm
# automatic
+D = $(patsubst %/,%,$(dir $+))
# environment
GDK_BACKEND = x11
# environment
LC_PAPER = de_DE.UTF-8
# environment
QT_ACCESSIBILITY = 1
# environment
DEFAULTS_PATH = /usr/share/gconf/ubuntu.default.path
# default
MAKEFILES := 
# environment
LC_NUMERIC = de_DE.UTF-8
# automatic
<F = $(notdir $<)
# environment
LC_MEASUREMENT = de_DE.UTF-8
# environment
LC_ALL = C
# environment
CONDA_PYTHON_EXE = /home/aswin/anaconda3/bin/python
# environment
GJS_DEBUG_TOPICS = JS ERROR;JS LOG
# automatic
^F = $(notdir $^)
# environment
OBJC_DISABLE_INITIALIZE_FORK_SAFETY = YES
# default
SUFFIXES := 
# environment
_CE_M = 
# environment
CHROME_DESKTOP = code-url-handler.desktop
# environment
WINDOWPATH = 2
# default
.INCLUDE_DIRS = /usr/include /usr/local/include /usr/include
# environment
LC_IDENTIFICATION = de_DE.UTF-8
# default
.RECIPEPREFIX := 
# environment
LC_ADDRESS = de_DE.UTF-8
# environment
LANG = C
# environment
VSCODE_PID = 8846
# environment
_CE_CONDA = 
# variable set hash-table stats:
# Load=118/1024=12%, Rehash=0, Collisions=18/143=13%

# Pattern-specific Variable Values

# No pattern-specific variable values.

# Directories

# . (device 66306, inode 6013751): 17 files, no impossibilities.

# 17 files, no impossibilities in 1 directories.

# Implicit Rules

# No implicit rules.

# Files

# Not a target:
all:
#  Command line target.
#  Implicit rule search has been done.
#  File does not exist.
#  File has not been updated.

.PHONY: doc-notebooks
#  Implicit rule search has not been done.
#  Modification time never checked.
#  File has not been updated.

# Not a target:
Makefile:
#  Implicit rule search has been done.
 
make: *** No rule to make target 'all'.  Stop.

#  Last modified 2022-04-20 17:41:40.354097635
#  File has been updated.
#  Successfully updated.

doc-notebooks:
#  Phony target (prerequisite of .PHONY).
#  Implicit rule search has not been done.
#  File does not exist.
#  File has not been updated.
#  recipe to execute (from 'Makefile', line 4):
	python utils/convert_doc_to_notebooks.py

# Not a target:
.DEFAULT:
#  Implicit rule search has not been done.
#  Modification time never checked.
#  File has not been updated.

# files hash-table stats:
# Load=6/1024=1%, Rehash=0, Collisions=0/18=0%
# VPATH Search Paths

# No 'vpath' search paths.

# No general ('VPATH' variable) search path.

# strcache buffers: 1 (0) / strings = 24 / storage = 227 B / avg = 9 B
# current buf: size = 8162 B / used = 227 B / count = 24 / avg = 9 B

# strcache performance: lookups = 31 / hit rate = 22%
# hash-table stats:
# Load=24/8192=0%, Rehash=0, Collisions=1/31=3%
# Finished Make data base on Fri Jul 22 20:00:37 2022

 
